<?xml version="1.0" encoding="UTF-8"?>
<!-- Generated by org.testng.reporters.JUnitReportReporter -->
<testsuite skipped="0" hostname="WINCTRL-S7E21V6" name="remoteTesting.dockerValidation.chromeTest3" tests="1" failures="0" timestamp="06 Jun 2020 08:08:54 GMT" time="76.438" errors="0">
  <testcase name="test3" time="76.438" classname="remoteTesting.dockerValidation.chromeTest3"/>
</testsuite> <!-- remoteTesting.dockerValidation.chromeTest3 -->
