<?xml version="1.0" encoding="UTF-8"?>
<!-- Generated by org.testng.reporters.JUnitReportReporter -->
<testsuite skipped="0" hostname="WINCTRL-S7E21V6" name="remoteTesting.dockerValidation.chromeTest2" tests="1" failures="0" timestamp="06 Jun 2020 08:08:54 GMT" time="63.171" errors="0">
  <testcase name="test2" time="63.171" classname="remoteTesting.dockerValidation.chromeTest2"/>
</testsuite> <!-- remoteTesting.dockerValidation.chromeTest2 -->
